<?xml version="1.0" encoding="UTF-8"?>
<!-- Generated by org.testng.reporters.JUnitReportReporter -->
<testsuite skipped="0" hostname="kritter" name="com.library.app.MathTests" tests="1" failures="0" timestamp="09 Dec 2019 17:09:56 GMT" time="0.011" errors="0">
  <testcase name="divide_TenDividedByFive_ReturnsTwo" time="0.011" classname="com.library.app.MathTests"/>
</testsuite> <!-- com.library.app.MathTests -->
